[18:39:59] [main/INFO] (FabricLoader/GameProvider) Loading Minecraft 1.21.11 with Fabric Loader 0.18.5
[18:39:59] [main/INFO] (FabricLoader) Loading 51 mods:
	- customblock 1.0-SNAPSHOT
	- fabric-api 0.141.3+1.21.11
	- fabric-api-base 1.0.5+4ebb5c083e
	- fabric-api-lookup-api-v1 1.6.114+20dc27073e
	- fabric-biome-api-v1 17.1.1+4fc5413f3e
	- fabric-block-api-v1 1.1.10+4ebb5c083e
	- fabric-block-view-api-v2 1.0.39+4ebb5c083e
	- fabric-client-gametest-api-v1 4.3.5+bfe9fcf43e
	- fabric-command-api-v2 2.4.7+6b42a6003e
	- fabric-content-registries-v0 10.2.14+4fc5413f3e
	- fabric-convention-tags-v1 2.1.55+7f945d5b3e
	- fabric-convention-tags-v2 2.17.3+8ef948ba3e
	- fabric-crash-report-info-v1 0.3.23+4ebb5c083e
	- fabric-data-attachment-api-v1 1.8.47+eed0806f3e
	- fabric-data-generation-api-v1 23.4.0+69974c4e3e
	- fabric-dimensions-v1 4.0.28+4fc5413f3e
	- fabric-entity-events-v1 3.1.1+1d0ab4303e
	- fabric-events-interaction-v0 4.1.0+3b89ecf63e
	- fabric-game-rule-api-v1 2.0.3+4fc5413f3e
	- fabric-gametest-api-v1 3.1.27+4fc5413f3e
	- fabric-item-api-v1 11.5.20+d0c46b9e3e
	- fabric-item-group-api-v1 4.2.36+4fc5413f3e
	- fabric-key-binding-api-v1 1.1.7+4fc5413f3e
	- fabric-lifecycle-events-v1 2.6.15+4ebb5c083e
	- fabric-loot-api-v2 3.0.73+3f89f5a53e
	- fabric-loot-api-v3 2.0.20+78c8b4663e
	- fabric-message-api-v1 6.1.12+4ebb5c083e
	- fabric-model-loading-api-v1 6.0.15+4fc5413f3e
	- fabric-networking-api-v1 5.1.5+ae1e07683e
	- fabric-object-builder-api-v1 21.1.39+4fc5413f3e
	- fabric-particles-v1 4.2.11+4fc5413f3e
	- fabric-recipe-api-v1 8.2.3+4ebb5c083e
	- fabric-registry-sync-v0 6.2.5+1718722b3e
	- fabric-renderer-api-v1 8.0.3+f4ffd2e53e
	- fabric-renderer-indigo 5.0.3+f4ffd2e53e
	- fabric-rendering-fluids-v1 3.1.43+4ebb5c083e
	- fabric-rendering-v1 16.2.10+0290ad933e
	- fabric-resource-conditions-api-v1 5.0.35+4fc5413f3e
	- fabric-resource-loader-v0 3.3.4+4fc5413f3e
	- fabric-resource-loader-v1 1.0.10+78c8b4663e
	- fabric-screen-api-v1 3.1.7+4ebb5c083e
	- fabric-screen-handler-api-v1 1.3.161+4fc5413f3e
	- fabric-serialization-api-v1 1.0.5+4ebb5c083e
	- fabric-sound-api-v1 1.0.51+4fc5413f3e
	- fabric-tag-api-v1 1.2.20+4fc5413f3e
	- fabric-transfer-api-v1 6.0.25+4fc5413f3e
	- fabric-transitive-access-wideners-v1 7.1.0+014c8cec3e
	- fabricloader 0.18.5
	- java 21
	- minecraft 1.21.11
	- mixinextras 0.5.3
[18:39:59] [main/INFO] (FabricLoader/Mixin) SpongePowered MIXIN Subsystem Version=0.8.7 Source=file:/C:/Users/robin/.gradle/caches/modules-2/files-2.1/net.fabricmc/sponge-mixin/0.17.0+mixin.0.8.7/cf31463202f72d03b0ef1e1e38e8ee71b7faaab6/sponge-mixin-0.17.0+mixin.0.8.7.jar Service=Knot/Fabric Env=CLIENT
[18:40:00] [main/INFO] (FabricLoader/Mixin) Loaded Fabric development mappings for mixin remapper!
[18:40:00] [main/INFO] (FabricLoader/Mixin) Compatibility level set to JAVA_21
[18:40:01] [main/INFO] (FabricLoader/MixinExtras|Service) Initializing MixinExtras via com.llamalad7.mixinextras.service.MixinExtrasServiceImpl(version=0.5.3).
[18:40:02] [Datafixer Bootstrap/INFO] (Minecraft) 287 Datafixer optimizations took 449 milliseconds
[18:40:06] [Render thread/INFO] (Minecraft) Environment: Environment[sessionHost=https://sessionserver.mojang.com, servicesHost=https://api.minecraftservices.com, profilesHost=https://api.mojang.com, name=PROD]
[18:40:06] [Render thread/INFO] (Minecraft) Setting user: Player693
[18:40:06] [Render thread/INFO] (Indigo) [Indigo] Registering Indigo renderer!
[18:40:06] [Download-2/ERROR] (Minecraft) Failed to fetch user properties
com.mojang.authlib.exceptions.InvalidCredentialsException: Status: 401
	at knot//com.mojang.authlib.exceptions.MinecraftClientHttpException.toAuthenticationException(MinecraftClientHttpException.java:59)
	at knot//com.mojang.authlib.yggdrasil.YggdrasilUserApiService.fetchProperties(YggdrasilUserApiService.java:150)
	at knot//net.minecraft.client.MinecraftClient.method_55608(MinecraftClient.java:457)
	at java.base/java.util.concurrent.CompletableFuture$AsyncSupply.run(CompletableFuture.java:1768)
	at java.base/java.util.concurrent.ThreadPoolExecutor.runWorker(ThreadPoolExecutor.java:1144)
	at java.base/java.util.concurrent.ThreadPoolExecutor$Worker.run(ThreadPoolExecutor.java:642)
	at java.base/java.lang.Thread.run(Thread.java:1583)
Caused by: com.mojang.authlib.exceptions.MinecraftClientHttpException: Status: 401
	at knot//com.mojang.authlib.minecraft.client.MinecraftClient.readInputStream(MinecraftClient.java:103)
	at knot//com.mojang.authlib.minecraft.client.MinecraftClient.get(MinecraftClient.java:56)
	at knot//com.mojang.authlib.yggdrasil.YggdrasilUserApiService.fetchProperties(YggdrasilUserApiService.java:121)
	... 5 more
[18:40:07] [Render thread/INFO] (Minecraft) Backend library: LWJGL version 3.3.3-snapshot
[18:40:07] [Render thread/INFO] (Minecraft) Using optional rendering extensions: GL_ARB_buffer_storage, GL_KHR_debug, GL_ARB_vertex_attrib_binding, GL_ARB_direct_state_access, GL_EXT_texture_filter_anisotropic
[18:40:08] [Render thread/INFO] (Minecraft) Reloading ResourceManager: vanilla, customblock, fabric-api, fabric-api-base, fabric-api-lookup-api-v1, fabric-biome-api-v1, fabric-block-api-v1, fabric-block-view-api-v2, fabric-client-gametest-api-v1, fabric-command-api-v2, fabric-content-registries-v0, fabric-convention-tags-v1, fabric-convention-tags-v2, fabric-crash-report-info-v1, fabric-data-attachment-api-v1, fabric-data-generation-api-v1, fabric-dimensions-v1, fabric-entity-events-v1, fabric-events-interaction-v0, fabric-game-rule-api-v1, fabric-gametest-api-v1, fabric-item-api-v1, fabric-item-group-api-v1, fabric-key-binding-api-v1, fabric-lifecycle-events-v1, fabric-loot-api-v2, fabric-loot-api-v3, fabric-message-api-v1, fabric-model-loading-api-v1, fabric-networking-api-v1, fabric-object-builder-api-v1, fabric-particles-v1, fabric-recipe-api-v1, fabric-registry-sync-v0, fabric-renderer-api-v1, fabric-renderer-indigo, fabric-rendering-fluids-v1, fabric-rendering-v1, fabric-resource-conditions-api-v1, fabric-resource-loader-v0, fabric-resource-loader-v1, fabric-screen-api-v1, fabric-screen-handler-api-v1, fabric-serialization-api-v1, fabric-sound-api-v1, fabric-tag-api-v1, fabric-transfer-api-v1, fabric-transitive-access-wideners-v1, fabricloader
[18:40:08] [Download-1/INFO] (Minecraft) Could not authorize you against Realms server: java.lang.RuntimeException: Failed to parse into SignedJWT: FabricMC
[18:40:08] [Download-1/ERROR] (Minecraft) Failed to fetch Realms feature flags
net.minecraft.client.realms.exception.RealmsServiceException: Realms authentication error with message 'java.lang.RuntimeException: Failed to parse into SignedJWT: FabricMC'
	at knot//net.minecraft.client.realms.RealmsClient.execute(RealmsClient.java:526)
	at knot//net.minecraft.client.realms.RealmsClient.fetchFeatureFlags(RealmsClient.java:186)
	at java.base/java.util.concurrent.CompletableFuture$AsyncSupply.run(CompletableFuture.java:1768)
	at java.base/java.util.concurrent.ThreadPoolExecutor.runWorker(ThreadPoolExecutor.java:1144)
	at java.base/java.util.concurrent.ThreadPoolExecutor$Worker.run(ThreadPoolExecutor.java:642)
	at java.base/java.lang.Thread.run(Thread.java:1583)
[18:40:08] [Worker-Main-3/INFO] (Minecraft) Found unifont_pua-17.0.01.hex, loading
[18:40:08] [Worker-Main-8/INFO] (Minecraft) Found unifont_all_no_pua-17.0.01.hex, loading
[18:40:08] [Worker-Main-14/INFO] (Minecraft) Found unifont_jp_patch-17.0.01.hex, loading
[18:40:09] [Render thread/INFO] (Minecraft) OpenAL initialized on device OpenAL Soft on Realtek HD Audio 2nd output (Realtek(R) Audio)
[18:40:09] [Render thread/INFO] (Minecraft) Sound engine started
[18:40:09] [Render thread/INFO] (Minecraft) Created: 512x256x0 minecraft:textures/atlas/particles.png-atlas
[18:40:09] [Render thread/INFO] (Minecraft) Created: 128x128x0 minecraft:textures/atlas/decorated_pot.png-atlas
[18:40:09] [Render thread/INFO] (Minecraft) Created: 2048x1024x0 minecraft:textures/atlas/armor_trims.png-atlas
[18:40:09] [Render thread/INFO] (Minecraft) Created: 512x256x0 minecraft:textures/atlas/paintings.png-atlas
[18:40:09] [Render thread/INFO] (Minecraft) Created: 1024x512x0 minecraft:textures/atlas/shield_patterns.png-atlas
[18:40:09] [Render thread/INFO] (Minecraft) Created: 2048x2048x4 minecraft:textures/atlas/blocks.png-atlas
[18:40:10] [Render thread/INFO] (Minecraft) Created: 512x512x0 minecraft:textures/atlas/chest.png-atlas
[18:40:10] [Render thread/INFO] (Minecraft) Created: 256x128x0 minecraft:textures/atlas/celestials.png-atlas
[18:40:10] [Render thread/INFO] (Minecraft) Created: 1024x512x0 minecraft:textures/atlas/banner_patterns.png-atlas
[18:40:10] [Render thread/INFO] (Minecraft) Created: 512x512x0 minecraft:textures/atlas/beds.png-atlas
[18:40:10] [Render thread/INFO] (Minecraft) Created: 1024x512x0 minecraft:textures/atlas/items.png-atlas
[18:40:10] [Render thread/INFO] (Minecraft) Created: 1024x1024x0 minecraft:textures/atlas/gui.png-atlas
[18:40:10] [Render thread/INFO] (Minecraft) Created: 128x64x0 minecraft:textures/atlas/map_decorations.png-atlas
[18:40:10] [Render thread/INFO] (Minecraft) Created: 512x256x0 minecraft:textures/atlas/signs.png-atlas
[18:40:10] [Render thread/INFO] (Minecraft) Created: 512x512x0 minecraft:textures/atlas/shulker_boxes.png-atlas
[18:40:10] [IO-Worker-1/INFO] (Minecraft) Could not authorize you against Realms server: java.lang.RuntimeException: Failed to parse into SignedJWT: FabricMC
[18:40:10] [IO-Worker-1/ERROR] (Minecraft) Couldn't connect to realms
net.minecraft.client.realms.exception.RealmsServiceException: Realms authentication error with message 'java.lang.RuntimeException: Failed to parse into SignedJWT: FabricMC'
	at knot//net.minecraft.client.realms.RealmsClient.execute(RealmsClient.java:526)
	at knot//net.minecraft.client.realms.RealmsClient.clientCompatible(RealmsClient.java:307)
	at knot//net.minecraft.client.realms.RealmsAvailability.method_52627(RealmsAvailability.java:48)
	at java.base/java.util.concurrent.CompletableFuture$AsyncSupply.run(CompletableFuture.java:1768)
	at java.base/java.util.concurrent.ThreadPoolExecutor.runWorker(ThreadPoolExecutor.java:1144)
	at java.base/java.util.concurrent.ThreadPoolExecutor$Worker.run(ThreadPoolExecutor.java:642)
	at java.base/java.lang.Thread.run(Thread.java:1583)
[18:40:15] [Render thread/INFO] (Minecraft) Loaded 1474 recipes
[18:40:15] [Render thread/INFO] (Minecraft) Loaded 1587 advancements
[18:40:15] [Render thread/INFO] (BiomeModificationImpl) Applied 54 biome modifications to 54 of 65 new biomes in 5.750 ms
[18:40:15] [Server thread/INFO] (Minecraft) Starting integrated minecraft server version 1.21.11
[18:40:15] [Server thread/INFO] (Minecraft) Generating keypair
[18:40:15] [Server thread/INFO] (Minecraft) Loading 0 persistent chunks...
[18:40:15] [Server thread/INFO] (Minecraft) Einstiegsbereich wird vorbereitet: 16 %
[18:40:16] [Server thread/INFO] (Minecraft) Loading 49 chunks for player spawn...
[18:40:16] [Server thread/INFO] (Minecraft) Einstiegsbereich wird vorbereitet: 16 %
[18:40:16] [Server thread/INFO] (Minecraft) Einstiegsbereich wird vorbereitet: 61 %
[18:40:16] [Server thread/INFO] (Minecraft) Time elapsed: 1063 ms
[18:40:17] [Server thread/INFO] (Minecraft) Player693[local:E:2697dd65] logged in with entity id 62 at (-56.64677469130826, 72.0, 138.5250260415636)
[18:40:17] [Server thread/INFO] (Minecraft) Player693 hat das Spiel betreten
[18:40:17] [Server thread/INFO] (Minecraft) Player693 hat den Fortschritt [Zu viel Eisen im Blut] erzielt
[18:40:17] [Server thread/INFO] (Minecraft) Player693 hat den Fortschritt [Technischer Fortschritt] erzielt
[18:40:17] [Server thread/INFO] (Minecraft) Changing view distance to 20, from 10
[18:40:17] [Server thread/INFO] (Minecraft) Changing simulation distance to 16, from 0
[18:40:17] [Render thread/INFO] (Minecraft) [System] [CHAT] Player693 hat den Fortschritt [Zu viel Eisen im Blut] erzielt
[18:40:17] [Render thread/INFO] (Minecraft) [System] [CHAT] Player693 hat den Fortschritt [Technischer Fortschritt] erzielt
[18:40:17] [Render thread/INFO] (Minecraft) Loaded 18 advancements
[18:40:17] [Render thread/INFO] (Minecraft) Resizing Dynamic Transforms UBO, capacity limit of 2 reached during a single frame. New capacity will be 4.
[18:40:17] [Render thread/INFO] (Minecraft) Resizing Dynamic Transforms UBO, capacity limit of 4 reached during a single frame. New capacity will be 8.
[18:40:17] [Render thread/INFO] (Minecraft) Resizing Chunk Sections UBO, capacity limit of 2 reached during a single frame. New capacity will be 4.
[18:40:17] [Render thread/INFO] (Minecraft) Resizing Chunk Sections UBO, capacity limit of 4 reached during a single frame. New capacity will be 8.
[18:40:17] [Render thread/INFO] (Minecraft) Resizing Chunk Sections UBO, capacity limit of 8 reached during a single frame. New capacity will be 16.
[18:40:17] [Render thread/INFO] (Minecraft) Resizing Chunk Sections UBO, capacity limit of 16 reached during a single frame. New capacity will be 32.
[18:40:17] [Render thread/INFO] (Minecraft) Resizing Chunk Sections UBO, capacity limit of 32 reached during a single frame. New capacity will be 64.
[18:40:18] [Render thread/INFO] (Minecraft) Resizing Chunk Sections UBO, capacity limit of 64 reached during a single frame. New capacity will be 128.
[18:40:18] [Render thread/INFO] (Minecraft) Resizing Chunk Sections UBO, capacity limit of 128 reached during a single frame. New capacity will be 256.
[18:40:19] [Render thread/INFO] (Minecraft) Resizing Chunk Sections UBO, capacity limit of 256 reached during a single frame. New capacity will be 512.
[18:40:21] [Render thread/INFO] (Minecraft) Resizing Chunk Sections UBO, capacity limit of 512 reached during a single frame. New capacity will be 1024.
[18:40:28] [Server thread/INFO] (Minecraft) [Player693: Dein Spielmodus wurde auf Überlebensmodus gesetzt]
[18:40:28] [Render thread/INFO] (Minecraft) [System] [CHAT] Dein Spielmodus wurde auf Überlebensmodus gesetzt
[18:40:31] [Render thread/INFO] (Minecraft) Resizing Chunk Sections UBO, capacity limit of 1024 reached during a single frame. New capacity will be 2048.
[18:40:33] [Render thread/INFO] (Minecraft) Resizing Dynamic Transforms UBO, capacity limit of 8 reached during a single frame. New capacity will be 16.
[18:41:07] [Render thread/INFO] (Minecraft) Loaded 19 advancements
[18:41:18] [Render thread/INFO] (Minecraft) [System] [CHAT] Screenshot gespeichert unter 2026-04-02_18.41.18.png
[18:41:21] [Server thread/INFO] (Minecraft) [Player693: Dein Spielmodus wurde auf Kreativmodus gesetzt]
[18:41:21] [Render thread/INFO] (Minecraft) [System] [CHAT] Dein Spielmodus wurde auf Kreativmodus gesetzt
[18:41:24] [Render thread/WARN] (Minecraft) Unable to play empty soundEvent: minecraft:entity.salmon.ambient
[18:41:26] [Render thread/INFO] (Minecraft) Loaded 29 advancements
[18:41:28] [Render thread/INFO] (Minecraft) Loaded 68 advancements
[18:41:29] [Render thread/INFO] (Minecraft) Loaded 69 advancements
[18:41:38] [Server thread/INFO] (Minecraft) [Player693: Dein Spielmodus wurde auf Überlebensmodus gesetzt]
[18:41:38] [Render thread/INFO] (Minecraft) [System] [CHAT] Dein Spielmodus wurde auf Überlebensmodus gesetzt
[18:41:42] [Render thread/INFO] (Minecraft) Loaded 69 advancements
[18:41:46] [Server thread/INFO] (Minecraft) Saving and pausing game...
[18:41:47] [Server thread/INFO] (Minecraft) Saving chunks for level 'ServerLevel[New World]'/minecraft:overworld
[18:41:47] [Server thread/INFO] (Minecraft) Saving chunks for level 'ServerLevel[New World]'/minecraft:the_end
[18:41:47] [Server thread/INFO] (Minecraft) Saving chunks for level 'ServerLevel[New World]'/minecraft:the_nether
[18:42:01] [Server thread/INFO] (Minecraft) [Player693: Dein Spielmodus wurde auf Kreativmodus gesetzt]
[18:42:01] [Render thread/INFO] (Minecraft) [System] [CHAT] Dein Spielmodus wurde auf Kreativmodus gesetzt
[18:42:06] [Server thread/INFO] (Minecraft) Player693 hat den Fortschritt [Zinnerz abbauen] erzielt
[18:42:06] [Render thread/INFO] (Minecraft) [System] [CHAT] Player693 hat den Fortschritt [Zinnerz abbauen] erzielt
[18:42:06] [Render thread/INFO] (Minecraft) Loaded 69 advancements
[18:42:09] [Server thread/INFO] (Minecraft) Saving and pausing game...
[18:42:09] [Server thread/INFO] (Minecraft) Saving chunks for level 'ServerLevel[New World]'/minecraft:overworld
[18:42:10] [Server thread/INFO] (Minecraft) Saving chunks for level 'ServerLevel[New World]'/minecraft:the_end
[18:42:10] [Server thread/INFO] (Minecraft) Saving chunks for level 'ServerLevel[New World]'/minecraft:the_nether
[18:42:16] [Server thread/INFO] (Minecraft) Player693 hat den Fortschritt [Zinnschmelzer] erzielt
[18:42:16] [Render thread/INFO] (Minecraft) [System] [CHAT] Player693 hat den Fortschritt [Zinnschmelzer] erzielt
[18:42:16] [Render thread/INFO] (Minecraft) Loaded 69 advancements
[18:42:19] [Render thread/INFO] (Minecraft) Loaded 69 advancements
[18:42:25] [Render thread/INFO] (Minecraft) Loaded 69 advancements
[18:42:46] [Render thread/INFO] (Minecraft) Loaded 69 advancements
[18:43:04] [Render thread/INFO] (Minecraft) Loaded 69 advancements
[18:48:19] [Server thread/INFO] (Minecraft) Player693 hat den Fortschritt [Monsterjäger] erzielt
[18:48:19] [Render thread/INFO] (Minecraft) [System] [CHAT] Player693 hat den Fortschritt [Monsterjäger] erzielt
[18:48:19] [Render thread/INFO] (Minecraft) Loaded 72 advancements
[18:48:21] [Render thread/INFO] (Minecraft) Loaded 81 advancements
[18:48:33] [Render thread/INFO] (Minecraft) Loaded 81 advancements
[18:48:36] [Render thread/INFO] (Minecraft) Loaded 81 advancements
[18:49:30] [Render thread/INFO] (Minecraft) Loaded 81 advancements
[18:50:05] [Server thread/INFO] (Minecraft) [Player693: Dein Spielmodus wurde auf Überlebensmodus gesetzt]
[18:50:05] [Render thread/INFO] (Minecraft) [System] [CHAT] Dein Spielmodus wurde auf Überlebensmodus gesetzt
[18:50:06] [Server thread/INFO] (Minecraft) [Player693: Dein Spielmodus wurde auf Kreativmodus gesetzt]
[18:50:06] [Render thread/INFO] (Minecraft) [System] [CHAT] Dein Spielmodus wurde auf Kreativmodus gesetzt
[18:50:53] [Render thread/INFO] (Minecraft) Loaded 81 advancements
[18:51:31] [Render thread/INFO] (Minecraft) Loaded 81 advancements
[18:51:32] [Render thread/INFO] (Minecraft) Loaded 82 advancements
[18:51:37] [Render thread/INFO] (Minecraft) Loaded 86 advancements
[18:51:45] [Render thread/INFO] (Minecraft) Loaded 92 advancements
